#
# An unexpected error has been detected by Java Runtime Environment:
#
#  EXCEPTION_ACCESS_VIOLATION (0xc0000005) at pc=0x6d90df57, pid=3076, tid=3480
#
# Java VM: Java HotSpot(TM) Client VM (11.0-b16 mixed mode windows-x86)
# Problematic frame:
# V  [jvm.dll+0x5df57]
#
# If you would like to submit a bug report, please visit:
#   http://java.sun.com/webapps/bugreport/crash.jsp
#

---------------  T H R E A D  ---------------

Current thread (0x0aae5c00):  VMThread [stack: 0x0ab70000,0x0abc0000] [id=3480]

siginfo: ExceptionCode=0xc0000005, reading address 0x00fc050c

Registers:
EAX=0x0084e6b8, EBX=0x0084e6f4, ECX=0x00fc0500, EDX=0x6da8c108
ESP=0x0abbf5c0, EBP=0x0084e668, ESI=0x06c503e8, EDI=0x06c503e8
EIP=0x6d90df57, EFLAGS=0x00010287

Top of Stack: (sp=0x0abbf5c0)
0x0abbf5c0:   06c503e8 06c503e8 6da2ecc0 6d8ce6eb
0x0abbf5d0:   06c503e8 0abbf618 0abbf618 00000002
0x0abbf5e0:   0084bd88 6d95f8b1 06c50494 0084e4c0
0x0abbf5f0:   6d95f681 0084e6b8 6d92e9e3 0abbf618
0x0abbf600:   00000000 0084bde0 06c50494 6d95f497
0x0abbf610:   0abbf618 00000000 6da948c8 06c50494
0x0abbf620:   00000000 6d95a123 06c50494 06c50494
0x0abbf630:   00000000 0abbf748 00000000 6d9ef6a3 

Instructions: (pc=0x6d90df57)
0x6d90df47:   cc cc cc cc cc cc cc cc cc 51 56 8b f1 8b 4e 04
0x6d90df57:   8b 51 0c 83 c1 08 8b c2 c1 f8 02 85 d2 89 54 24 


Stack: [0x0ab70000,0x0abc0000],  sp=0x0abbf5c0,  free space=317k
Native frames: (J=compiled Java code, j=interpreted, Vv=VM code, C=native code)
V  [jvm.dll+0x5df57]

VM_Operation (0x0b72f258): GenCollectForAllocation, mode: safepoint, requested by thread 0x0aad0800


---------------  P R O C E S S  ---------------

Java Threads: ( => current thread )
  0x0ab50800 JavaThread "Unknown thread" daemon [_thread_blocked, id=2124, stack(0x0b730000,0x0b780000)]
  0x0aad0800 JavaThread "pool-1-thread-4" [_thread_blocked, id=2388, stack(0x0b6e0000,0x0b730000)]
  0x0ab2f400 JavaThread "pool-1-thread-3" [_thread_blocked, id=5440, stack(0x0b690000,0x0b6e0000)]
  0x0b272800 JavaThread "pool-1-thread-2" [_thread_blocked, id=828, stack(0x0b640000,0x0b690000)]
  0x0b1f0c00 JavaThread "pool-1-thread-1" [_thread_blocked, id=5428, stack(0x0b5a0000,0x0b5f0000)]
  0x0ab25000 JavaThread "Low Memory Detector" daemon [_thread_blocked, id=5160, stack(0x0aef0000,0x0af40000)]
  0x0ab24000 JavaThread "CompilerThread0" daemon [_thread_blocked, id=2612, stack(0x0aea0000,0x0aef0000)]
  0x0ab15400 JavaThread "JDWP Command Reader" daemon [_thread_in_native, id=5048, stack(0x0ae50000,0x0aea0000)]
  0x0ab13c00 JavaThread "JDWP Event Helper Thread" daemon [_thread_blocked, id=2676, stack(0x0ae00000,0x0ae50000)]
  0x0ab11400 JavaThread "JDWP Transport Listener: dt_socket" daemon [_thread_blocked, id=3616, stack(0x0adb0000,0x0ae00000)]
  0x0ab05400 JavaThread "Attach Listener" daemon [_thread_blocked, id=2796, stack(0x0acb0000,0x0ad00000)]
  0x0aaff800 JavaThread "Signal Dispatcher" daemon [_thread_blocked, id=5632, stack(0x0ac60000,0x0acb0000)]
  0x0aaee000 JavaThread "Finalizer" daemon [_thread_blocked, id=3152, stack(0x0ac10000,0x0ac60000)]
  0x0aae9400 JavaThread "Reference Handler" daemon [_thread_blocked, id=312, stack(0x0abc0000,0x0ac10000)]
  0x00848800 JavaThread "main" [_thread_blocked, id=2400, stack(0x008d0000,0x00920000)]

Other Threads:
=>0x0aae5c00 VMThread [stack: 0x0ab70000,0x0abc0000] [id=3480]
  0x0ab2fc00 WatcherThread [stack: 0x0af40000,0x0af90000] [id=696]

VM state:at safepoint (normal execution)

VM Mutex/Monitor currently owned by a thread:  ([mutex/lock_event])
[0x008476b0] UNKNOWN - owner thread: 0x0aae5c00
[0x00847b10] UNKNOWN - owner thread: 0x0aad0800

Heap
 def new generation   total 960K, used 1K [0x029d0000, 0x02ad0000, 0x02eb0000)
  eden space 896K,   0% used [0x029d0000, 0x029d0000, 0x02ab0000)
  from space 64K,   2% used [0x02ac0000, 0x02ac06f0, 0x02ad0000)
  to   space 64K,   0% used [0x02ab0000, 0x02ab0000, 0x02ac0000)
 tenured generation   total 9468K, used 9287K [0x02eb0000, 0x037ef000, 0x069d0000)
   the space 9468K,  98% used [0x02eb0000, 0x037c1ec8, 0x0334c600, 0x037ef000)
 compacting perm gen  total 12288K, used 8478K [0x069d0000, 0x075d0000, 0x0a9d0000)
   the space 12288K,  68% used [0x069d0000, 0x07217848, 0x0720fa00, 0x075d0000)
No shared spaces configured.

Dynamic libraries:
0x00400000 - 0x00424000 	C:\Program Files\Java\jdk6\bin\javaw.exe
0x7c920000 - 0x7c9b6000 	C:\WINDOWS\system32\ntdll.dll
0x7c800000 - 0x7c91e000 	C:\WINDOWS\system32\kernel32.dll
0x77da0000 - 0x77e49000 	C:\WINDOWS\system32\ADVAPI32.dll
0x77e50000 - 0x77ee3000 	C:\WINDOWS\system32\RPCRT4.dll
0x77fc0000 - 0x77fd1000 	C:\WINDOWS\system32\Secur32.dll
0x77d10000 - 0x77da0000 	C:\WINDOWS\system32\USER32.dll
0x77ef0000 - 0x77f39000 	C:\WINDOWS\system32\GDI32.dll
0x76300000 - 0x7631d000 	C:\WINDOWS\system32\IMM32.DLL
0x62c20000 - 0x62c29000 	C:\WINDOWS\system32\LPK.DLL
0x73fa0000 - 0x7400b000 	C:\WINDOWS\system32\USP10.dll
0x7c340000 - 0x7c396000 	C:\Program Files\Java\jdk6\jre\bin\msvcr71.dll
0x6d8b0000 - 0x6db06000 	C:\Program Files\Java\jdk6\jre\bin\client\jvm.dll
0x76b10000 - 0x76b3a000 	C:\WINDOWS\system32\WINMM.dll
0x6d330000 - 0x6d338000 	C:\Program Files\Java\jdk6\jre\bin\hpi.dll
0x76bc0000 - 0x76bcb000 	C:\WINDOWS\system32\PSAPI.DLL
0x6d420000 - 0x6d449000 	C:\Program Files\Java\jdk6\jre\bin\jdwp.dll
0x6d750000 - 0x6d756000 	C:\Program Files\Java\jdk6\jre\bin\npt.dll
0x6d860000 - 0x6d86c000 	C:\Program Files\Java\jdk6\jre\bin\verify.dll
0x6d3d0000 - 0x6d3ef000 	C:\Program Files\Java\jdk6\jre\bin\java.dll
0x6d8a0000 - 0x6d8af000 	C:\Program Files\Java\jdk6\jre\bin\zip.dll
0x6d2a0000 - 0x6d2a7000 	C:\Program Files\Java\jdk6\jre\bin\dt_socket.dll
0x71a20000 - 0x71a37000 	C:\WINDOWS\system32\WS2_32.dll
0x77be0000 - 0x77c38000 	C:\WINDOWS\system32\msvcrt.dll
0x71a10000 - 0x71a18000 	C:\WINDOWS\system32\WS2HELP.dll
0x719c0000 - 0x719fe000 	C:\WINDOWS\System32\mswsock.dll
0x76ef0000 - 0x76f17000 	C:\WINDOWS\system32\DNSAPI.dll
0x76d30000 - 0x76d48000 	C:\WINDOWS\system32\iphlpapi.dll
0x76f80000 - 0x76f88000 	C:\WINDOWS\System32\winrnr.dll
0x76f30000 - 0x76f5c000 	C:\WINDOWS\system32\WLDAP32.dll
0x76f90000 - 0x76f96000 	C:\WINDOWS\system32\rasadhlp.dll
0x60fd0000 - 0x61025000 	C:\WINDOWS\system32\hnetcfg.dll
0x71a00000 - 0x71a08000 	C:\WINDOWS\System32\wshtcpip.dll
0x68000000 - 0x68036000 	C:\WINDOWS\system32\rsaenh.dll
0x759d0000 - 0x75a7f000 	C:\WINDOWS\system32\USERENV.dll
0x5fdd0000 - 0x5fe25000 	C:\WINDOWS\system32\netapi32.dll
0x6d6c0000 - 0x6d6d3000 	C:\Program Files\Java\jdk6\jre\bin\net.dll

VM Arguments:
jvm_args: -agentlib:jdwp=transport=dt_socket,suspend=y,address=localhost:10254 -Dfile.encoding=GBK 
java_command: com.myselef.RunSpider
Launcher Type: SUN_STANDARD

Environment Variables:
JAVA_HOME=C:\Program Files\Java\jdk6
CLASSPATH=.;C:\Program Files\Java\jdk6\lib;C:\Program Files\Java\jdk6\lib\tools.jar
PATH=C:/Program Files/Java/jre6/bin/client;C:/Program Files/Java/jre6/bin;C:/Program Files/Java/jre6/lib/i386;C:\WINDOWS\system32;C:\WINDOWS;C:\WINDOWS\system32\wbem;D:\Program Files\Rational\common;C:\Oracle\ora90\BIN;d:\Program Files\Git\cmd;d:\Program Files\Git\bin;D:\Program Files\TortoiseGit\bin;D:\Program Files\nodejs\;C:\Documents and Settings\dengjianquan-ghq\Local Settings\Application Data\Kingsoft\WPS Office\9.1.0.4764\office6;D:\Program Files\ant\bin;C:\Program Files\Java\jdk6\bin;C:\Program Files\Java\jdk6\jre\bin;C:\Oracle\ora90\BIN;C:\WINDOWS\SYSTEM32;D:\Program Files\apache-maven-3.1.0\bin;C:\Documents and Settings\dengjianquan-ghq\Application Data\npm;D:\Program Files\Nmap;E:\eclipse;
USERNAME=dengjianquan-ghq
OS=Windows_NT
PROCESSOR_IDENTIFIER=x86 Family 6 Model 23 Stepping 10, GenuineIntel



---------------  S Y S T E M  ---------------

OS: Windows XP Build 2600 Service Pack 3

CPU:total 2 (2 cores per cpu, 1 threads per core) family 6 model 7 stepping 10, cmov, cx8, fxsr, mmx, sse, sse2, sse3, ssse3

Memory: 4k page, physical 2061484k(1141264k free), swap 4194303k(3897664k free)

vm_info: Java HotSpot(TM) Client VM (11.0-b16) for windows-x86 JRE (1.6.0_11-b03), built on Nov 10 2008 02:15:12 by "java_re" with MS VC++ 7.1

time: Mon Aug 04 09:23:04 2014
elapsed time: 114 seconds

